<?xml version="1.0" encoding="UTF-8"?>
<testsuite xmlns:xsi="http://www.w3.org/2001/XMLSchema-instance" xsi:noNamespaceSchemaLocation="https://maven.apache.org/surefire/maven-surefire-plugin/xsd/surefire-test-report.xsd" name="cloud.caravana.AppTest" time="0.028" tests="1" errors="0" skipped="0" failures="0">
  <properties>
    <property name="awt.toolkit" value="sun.lwawt.macosx.LWCToolkit"/>
    <property name="jdk.extensions.version" value="16.0.0.0"/>
    <property name="java.specification.version" value="16"/>
    <property name="file.encoding.pkg" value="sun.io"/>
    <property name="sun.jnu.encoding" value="UTF-8"/>
    <property name="java.class.path" value="/Users/faermanj/Dev/tdc-poc/tdc-commons/target/test-classes:/Users/faermanj/Dev/tdc-poc/tdc-commons/target/classes:/Users/faermanj/.m2/repository/junit/junit/4.11/junit-4.11.jar:/Users/faermanj/.m2/repository/org/hamcrest/hamcrest-core/1.3/hamcrest-core-1.3.jar:"/>
    <property name="java.vm.vendor" value="Eclipse OpenJ9"/>
    <property name="com.ibm.vm.bitmode" value="64"/>
    <property name="sun.arch.data.model" value="64"/>
    <property name="user.variant" value=""/>
    <property name="com.ibm.oti.vm.library.version" value="29"/>
    <property name="java.vendor.url" value="https://adoptopenjdk.net/"/>
    <property name="user.timezone" value=""/>
    <property name="os.name" value="Mac OS X"/>
    <property name="java.vm.specification.version" value="16"/>
    <property name="user.country" value="GB"/>
    <property name="sun.java.launcher" value="SUN_STANDARD"/>
    <property name="sun.boot.library.path" value="/Users/faermanj/.sdkman/candidates/java/16.0.0.j9-adpt/lib/default:/Users/faermanj/.sdkman/candidates/java/16.0.0.j9-adpt/lib"/>
    <property name="sun.java.command" value="/Users/faermanj/Dev/tdc-poc/tdc-commons/target/surefire/surefirebooter16853102502422319549.jar /Users/faermanj/Dev/tdc-poc/tdc-commons/target/surefire 2021-04-07T16-34-11_059-jvmRun1 surefire3690443568906141507tmp surefire_03559710002457132383tmp"/>
    <property name="surefire.test.class.path" value="/Users/faermanj/Dev/tdc-poc/tdc-commons/target/test-classes:/Users/faermanj/Dev/tdc-poc/tdc-commons/target/classes:/Users/faermanj/.m2/repository/junit/junit/4.11/junit-4.11.jar:/Users/faermanj/.m2/repository/org/hamcrest/hamcrest-core/1.3/hamcrest-core-1.3.jar:"/>
    <property name="sun.cpu.endian" value="little"/>
    <property name="user.home" value="/Users/faermanj"/>
    <property name="user.language" value="en"/>
    <property name="java.specification.vendor" value="Oracle Corporation"/>
    <property name="java.version.date" value="2021-03-16"/>
    <property name="java.home" value="/Users/faermanj/.sdkman/candidates/java/16.0.0.j9-adpt"/>
    <property name="ibm.signalhandling.rs" value="false"/>
    <property name="jdk.extensions.name" value="Extensions for OpenJDK for Eclipse OpenJ9"/>
    <property name="file.separator" value="/"/>
    <property name="basedir" value="/Users/faermanj/Dev/tdc-poc/tdc-commons"/>
    <property name="line.separator" value="&#10;"/>
    <property name="java.vm.specification.vendor" value="Oracle Corporation"/>
    <property name="java.specification.name" value="Java Platform API Specification"/>
    <property name="java.compiler" value="j9jit29"/>
    <property name="com.ibm.util.extralibs.properties" value=""/>
    <property name="java.awt.graphicsenv" value="sun.awt.CGraphicsEnvironment"/>
    <property name="com.ibm.oti.configuration" value="scar"/>
    <property name="surefire.real.class.path" value="/Users/faermanj/Dev/tdc-poc/tdc-commons/target/surefire/surefirebooter16853102502422319549.jar"/>
    <property name="com.ibm.oti.shared.enabled" value="false"/>
    <property name="jdk.boot.class.path.append" value=""/>
    <property name="com.ibm.oti.vm.bootstrap.library.path" value="/Users/faermanj/.sdkman/candidates/java/16.0.0.j9-adpt/lib/default:/Users/faermanj/.sdkman/candidates/java/16.0.0.j9-adpt/lib"/>
    <property name="com.ibm.cpu.endian" value="little"/>
    <property name="java.fullversion" value="16+36&#10;JRE 16 Mac OS X amd64-64-Bit Compressed References 20210311_66 (JIT enabled, AOT enabled)&#10;OpenJ9   - 022d65424&#10;OMR      - 09514431e&#10;JCL      - 0c11227a21a based on jdk-16+36"/>
    <property name="java.runtime.version" value="16+36"/>
    <property name="user.name" value="faermanj"/>
    <property name="path.separator" value=":"/>
    <property name="os.version" value="10.16"/>
    <property name="java.runtime.name" value="OpenJDK Runtime Environment"/>
    <property name="ibm.signalhandling.sigint" value="true"/>
    <property name="file.encoding" value="UTF-8"/>
    <property name="java.vm.name" value="Eclipse OpenJ9 VM"/>
    <property name="java.vendor.version" value="AdoptOpenJDK"/>
    <property name="ibm.signalhandling.sigchain" value="true"/>
    <property name="localRepository" value="/Users/faermanj/.m2/repository"/>
    <property name="java.vendor.url.bug" value="https://github.com/AdoptOpenJDK/openjdk-support/issues"/>
    <property name="java.io.tmpdir" value="/var/folders/s_/db8lc6c16kb8d4r2_kbs82br0000gn/T/"/>
    <property name="java.version" value="16"/>
    <property name="com.ibm.system.agent.path" value="/Users/faermanj/.sdkman/candidates/java/16.0.0.j9-adpt/lib"/>
    <property name="user.dir" value="/Users/faermanj/Dev/tdc-poc/tdc-commons"/>
    <property name="os.arch" value="x86_64"/>
    <property name="java.vm.specification.name" value="Java Virtual Machine Specification"/>
    <property name="java.awt.printerjob" value="sun.lwawt.macosx.CPrinterJob"/>
    <property name="sun.nio.PageAlignDirectMemory" value="false"/>
    <property name="os.encoding" value="UTF-8"/>
    <property name="java.library.path" value="/Users/faermanj/.sdkman/candidates/java/16.0.0.j9-adpt/lib/default:/Users/faermanj/.sdkman/candidates/java/16.0.0.j9-adpt/lib:/usr/lib"/>
    <property name="sun.nio.MaxDirectMemorySize" value="3758096384"/>
    <property name="java.vm.info" value="JRE 16 Mac OS X amd64-64-Bit Compressed References 20210311_66 (JIT enabled, AOT enabled)&#10;OpenJ9   - 022d65424&#10;OMR      - 09514431e&#10;JCL      - 0c11227a21a based on jdk-16+36"/>
    <property name="java.vendor" value="AdoptOpenJDK"/>
    <property name="java.vm.version" value="openj9-0.25.0"/>
    <property name="ibm.system.encoding" value="UTF-8"/>
    <property name="com.ibm.jcl.checkClassPath" value=""/>
    <property name="sun.io.unicode.encoding" value="UnicodeLittle"/>
    <property name="java.class.version" value="60.0"/>
  </properties>
  <testcase name="shouldAnswerWithTrue" classname="cloud.caravana.AppTest" time="0.002"/>
</testsuite>